{"E:\\Project\\my-project\\react-component\\rcAnchor\\src\\rcAnchor\\Anchor.css": {"path":"E:\\Project\\my-project\\react-component\\rcAnchor\\src\\rcAnchor\\Anchor.css","statementMap":{"0":{"start":{"line":1,"column":0},"end":{"line":1,"column":20}}},"fnMap":{},"branchMap":{},"s":{"0":1},"f":{},"b":{},"_coverageSchema":"332fd63041d2c1bcb487cc26dd0d5f7d97098a6c","hash":"7c177bb01473664133cbfe83273a0a6c2d23ae18"}
,"E:\\Project\\my-project\\react-component\\rcAnchor\\src\\rcAnchor\\Anchor.jsx": {"path":"E:\\Project\\my-project\\react-component\\rcAnchor\\src\\rcAnchor\\Anchor.jsx","statementMap":{"0":{"start":{"line":13,"column":4},"end":{"line":13,"column":16}},"1":{"start":{"line":14,"column":4},"end":{"line":18,"column":5}},"2":{"start":{"line":22,"column":4},"end":{"line":22,"column":24}},"3":{"start":{"line":23,"column":17},"end":{"line":23,"column":63}},"4":{"start":{"line":24,"column":23},"end":{"line":26,"column":5}},"5":{"start":{"line":25,"column":6},"end":{"line":25,"column":26}},"6":{"start":{"line":27,"column":4},"end":{"line":30,"column":5}},"7":{"start":{"line":28,"column":6},"end":{"line":28,"column":49}},"8":{"start":{"line":29,"column":6},"end":{"line":29,"column":35}},"9":{"start":{"line":34,"column":22},"end":{"line":34,"column":68}},"10":{"start":{"line":35,"column":4},"end":{"line":37,"column":5}},"11":{"start":{"line":36,"column":6},"end":{"line":36,"column":63}},"12":{"start":{"line":41,"column":19},"end":{"line":41,"column":27}},"13":{"start":{"line":45,"column":21},"end":{"line":45,"column":46}},"14":{"start":{"line":46,"column":4},"end":{"line":57,"column":5}},"15":{"start":{"line":47,"column":6},"end":{"line":56,"column":7}},"16":{"start":{"line":48,"column":20},"end":{"line":48,"column":31}},"17":{"start":{"line":51,"column":22},"end":{"line":51,"column":103}},"18":{"start":{"line":52,"column":8},"end":{"line":55,"column":9}},"19":{"start":{"line":53,"column":10},"end":{"line":53,"column":53}},"20":{"start":{"line":54,"column":10},"end":{"line":54,"column":15}},"21":{"start":{"line":58,"column":4},"end":{"line":62,"column":5}},"22":{"start":{"line":59,"column":6},"end":{"line":61,"column":8}},"23":{"start":{"line":66,"column":30},"end":{"line":66,"column":40}},"24":{"start":{"line":67,"column":22},"end":{"line":67,"column":42}},"25":{"start":{"line":68,"column":4},"end":{"line":76,"column":5}},"26":{"start":{"line":69,"column":21},"end":{"line":69,"column":69}},"27":{"start":{"line":70,"column":27},"end":{"line":70,"column":63}},"28":{"start":{"line":71,"column":28},"end":{"line":71,"column":64}},"29":{"start":{"line":72,"column":6},"end":{"line":75,"column":8}},"30":{"start":{"line":80,"column":4},"end":{"line":80,"column":22}},"31":{"start":{"line":81,"column":19},"end":{"line":81,"column":27}},"32":{"start":{"line":83,"column":4},"end":{"line":83,"column":28}},"33":{"start":{"line":84,"column":19},"end":{"line":84,"column":54}},"34":{"start":{"line":85,"column":4},"end":{"line":103,"column":5}},"35":{"start":{"line":86,"column":24},"end":{"line":86,"column":70}},"36":{"start":{"line":87,"column":19},"end":{"line":87,"column":50}},"37":{"start":{"line":88,"column":6},"end":{"line":90,"column":7}},"38":{"start":{"line":89,"column":8},"end":{"line":89,"column":21}},"39":{"start":{"line":91,"column":27},"end":{"line":91,"column":31}},"40":{"start":{"line":91,"column":45},"end":{"line":91,"column":49}},"41":{"start":{"line":92,"column":6},"end":{"line":92,"column":79}},"42":{"start":{"line":93,"column":6},"end":{"line":102,"column":7}},"43":{"start":{"line":94,"column":8},"end":{"line":94,"column":21}},"44":{"start":{"line":96,"column":8},"end":{"line":101,"column":9}},"45":{"start":{"line":97,"column":10},"end":{"line":99,"column":11}},"46":{"start":{"line":98,"column":12},"end":{"line":98,"column":59}},"47":{"start":{"line":100,"column":10},"end":{"line":100,"column":15}},"48":{"start":{"line":104,"column":4},"end":{"line":104,"column":30}},"49":{"start":{"line":109,"column":4},"end":{"line":117,"column":5}},"50":{"start":{"line":110,"column":23},"end":{"line":110,"column":49}},"51":{"start":{"line":111,"column":20},"end":{"line":111,"column":62}},"52":{"start":{"line":112,"column":6},"end":{"line":116,"column":7}},"53":{"start":{"line":113,"column":8},"end":{"line":113,"column":22}},"54":{"start":{"line":115,"column":8},"end":{"line":115,"column":19}},"55":{"start":{"line":118,"column":4},"end":{"line":118,"column":14}},"56":{"start":{"line":122,"column":18},"end":{"line":122,"column":53}},"57":{"start":{"line":123,"column":4},"end":{"line":127,"column":5}},"58":{"start":{"line":124,"column":6},"end":{"line":126,"column":7}},"59":{"start":{"line":125,"column":8},"end":{"line":125,"column":62}},"60":{"start":{"line":131,"column":25},"end":{"line":131,"column":38}},"61":{"start":{"line":132,"column":4},"end":{"line":135,"column":5}},"62":{"start":{"line":133,"column":16},"end":{"line":133,"column":55}},"63":{"start":{"line":134,"column":6},"end":{"line":134,"column":36}},"64":{"start":{"line":136,"column":4},"end":{"line":136,"column":16}},"65":{"start":{"line":140,"column":4},"end":{"line":143,"column":5}},"66":{"start":{"line":141,"column":16},"end":{"line":141,"column":55}},"67":{"start":{"line":142,"column":6},"end":{"line":142,"column":52}},"68":{"start":{"line":147,"column":4},"end":{"line":158,"column":5}},"69":{"start":{"line":148,"column":6},"end":{"line":157,"column":8}},"70":{"start":{"line":149,"column":8},"end":{"line":156,"column":9}},"71":{"start":{"line":150,"column":22},"end":{"line":150,"column":138}},"72":{"start":{"line":151,"column":23},"end":{"line":151,"column":62}},"73":{"start":{"line":152,"column":10},"end":{"line":154,"column":11}},"74":{"start":{"line":153,"column":12},"end":{"line":153,"column":45}},"75":{"start":{"line":155,"column":10},"end":{"line":155,"column":141}},"76":{"start":{"line":159,"column":4},"end":{"line":159,"column":15}},"77":{"start":{"line":163,"column":22},"end":{"line":163,"column":42}},"78":{"start":{"line":164,"column":22},"end":{"line":164,"column":42}},"79":{"start":{"line":165,"column":30},"end":{"line":165,"column":40}},"80":{"start":{"line":166,"column":89},"end":{"line":166,"column":99}},"81":{"start":{"line":167,"column":19},"end":{"line":167,"column":69}},"82":{"start":{"line":168,"column":18},"end":{"line":168,"column":36}},"83":{"start":{"line":169,"column":4},"end":{"line":169,"column":92}},"84":{"start":{"line":170,"column":4},"end":{"line":170,"column":63}},"85":{"start":{"line":171,"column":20},"end":{"line":171,"column":88}},"86":{"start":{"line":172,"column":18},"end":{"line":172,"column":52}},"87":{"start":{"line":173,"column":4},"end":{"line":182,"column":5}},"88":{"start":{"line":186,"column":0},"end":{"line":195,"column":1}},"89":{"start":{"line":197,"column":0},"end":{"line":204,"column":1}}},"fnMap":{"0":{"name":"(anonymous_0)","decl":{"start":{"line":12,"column":2},"end":{"line":12,"column":3}},"loc":{"start":{"line":12,"column":21},"end":{"line":19,"column":3}},"line":12},"1":{"name":"(anonymous_1)","decl":{"start":{"line":21,"column":2},"end":{"line":21,"column":3}},"loc":{"start":{"line":21,"column":22},"end":{"line":31,"column":3}},"line":21},"2":{"name":"(anonymous_2)","decl":{"start":{"line":24,"column":23},"end":{"line":24,"column":24}},"loc":{"start":{"line":24,"column":30},"end":{"line":26,"column":5}},"line":24},"3":{"name":"(anonymous_3)","decl":{"start":{"line":33,"column":2},"end":{"line":33,"column":3}},"loc":{"start":{"line":33,"column":25},"end":{"line":38,"column":3}},"line":33},"4":{"name":"(anonymous_4)","decl":{"start":{"line":40,"column":2},"end":{"line":40,"column":3}},"loc":{"start":{"line":40,"column":18},"end":{"line":63,"column":3}},"line":40},"5":{"name":"(anonymous_5)","decl":{"start":{"line":65,"column":2},"end":{"line":65,"column":3}},"loc":{"start":{"line":65,"column":18},"end":{"line":77,"column":3}},"line":65},"6":{"name":"(anonymous_6)","decl":{"start":{"line":79,"column":2},"end":{"line":79,"column":3}},"loc":{"start":{"line":79,"column":19},"end":{"line":105,"column":3}},"line":79},"7":{"name":"(anonymous_7)","decl":{"start":{"line":107,"column":2},"end":{"line":107,"column":3}},"loc":{"start":{"line":107,"column":41},"end":{"line":119,"column":3}},"line":107},"8":{"name":"(anonymous_8)","decl":{"start":{"line":121,"column":2},"end":{"line":121,"column":3}},"loc":{"start":{"line":121,"column":23},"end":{"line":128,"column":3}},"line":121},"9":{"name":"(anonymous_9)","decl":{"start":{"line":130,"column":2},"end":{"line":130,"column":3}},"loc":{"start":{"line":130,"column":26},"end":{"line":137,"column":3}},"line":130},"10":{"name":"(anonymous_10)","decl":{"start":{"line":139,"column":2},"end":{"line":139,"column":3}},"loc":{"start":{"line":139,"column":29},"end":{"line":144,"column":3}},"line":139},"11":{"name":"(anonymous_11)","decl":{"start":{"line":146,"column":2},"end":{"line":146,"column":3}},"loc":{"start":{"line":146,"column":42},"end":{"line":160,"column":3}},"line":146},"12":{"name":"(anonymous_12)","decl":{"start":{"line":148,"column":23},"end":{"line":148,"column":24}},"loc":{"start":{"line":148,"column":33},"end":{"line":157,"column":7}},"line":148},"13":{"name":"(anonymous_13)","decl":{"start":{"line":162,"column":2},"end":{"line":162,"column":3}},"loc":{"start":{"line":162,"column":11},"end":{"line":183,"column":3}},"line":162},"14":{"name":"(anonymous_14)","decl":{"start":{"line":203,"column":11},"end":{"line":203,"column":12}},"loc":{"start":{"line":203,"column":17},"end":{"line":203,"column":19}},"line":203}},"branchMap":{"0":{"loc":{"start":{"line":27,"column":4},"end":{"line":30,"column":5}},"type":"if","locations":[{"start":{"line":27,"column":4},"end":{"line":30,"column":5}},{"start":{"line":27,"column":4},"end":{"line":30,"column":5}}],"line":27},"1":{"loc":{"start":{"line":35,"column":4},"end":{"line":37,"column":5}},"type":"if","locations":[{"start":{"line":35,"column":4},"end":{"line":37,"column":5}},{"start":{"line":35,"column":4},"end":{"line":37,"column":5}}],"line":35},"2":{"loc":{"start":{"line":45,"column":21},"end":{"line":45,"column":46}},"type":"binary-expr","locations":[{"start":{"line":45,"column":21},"end":{"line":45,"column":27}},{"start":{"line":45,"column":31},"end":{"line":45,"column":46}}],"line":45},"3":{"loc":{"start":{"line":46,"column":4},"end":{"line":57,"column":5}},"type":"if","locations":[{"start":{"line":46,"column":4},"end":{"line":57,"column":5}},{"start":{"line":46,"column":4},"end":{"line":57,"column":5}}],"line":46},"4":{"loc":{"start":{"line":46,"column":8},"end":{"line":46,"column":35}},"type":"binary-expr","locations":[{"start":{"line":46,"column":8},"end":{"line":46,"column":16}},{"start":{"line":46,"column":20},"end":{"line":46,"column":35}}],"line":46},"5":{"loc":{"start":{"line":52,"column":8},"end":{"line":55,"column":9}},"type":"if","locations":[{"start":{"line":52,"column":8},"end":{"line":55,"column":9}},{"start":{"line":52,"column":8},"end":{"line":55,"column":9}}],"line":52},"6":{"loc":{"start":{"line":58,"column":4},"end":{"line":62,"column":5}},"type":"if","locations":[{"start":{"line":58,"column":4},"end":{"line":62,"column":5}},{"start":{"line":58,"column":4},"end":{"line":62,"column":5}}],"line":58},"7":{"loc":{"start":{"line":68,"column":4},"end":{"line":76,"column":5}},"type":"if","locations":[{"start":{"line":68,"column":4},"end":{"line":76,"column":5}},{"start":{"line":68,"column":4},"end":{"line":76,"column":5}}],"line":68},"8":{"loc":{"start":{"line":68,"column":8},"end":{"line":68,"column":48}},"type":"binary-expr","locations":[{"start":{"line":68,"column":8},"end":{"line":68,"column":31}},{"start":{"line":68,"column":35},"end":{"line":68,"column":48}}],"line":68},"9":{"loc":{"start":{"line":70,"column":27},"end":{"line":70,"column":63}},"type":"binary-expr","locations":[{"start":{"line":70,"column":28},"end":{"line":70,"column":34}},{"start":{"line":70,"column":38},"end":{"line":70,"column":57}},{"start":{"line":70,"column":62},"end":{"line":70,"column":63}}],"line":70},"10":{"loc":{"start":{"line":71,"column":28},"end":{"line":71,"column":64}},"type":"binary-expr","locations":[{"start":{"line":71,"column":29},"end":{"line":71,"column":53}},{"start":{"line":71,"column":58},"end":{"line":71,"column":64}}],"line":71},"11":{"loc":{"start":{"line":85,"column":4},"end":{"line":103,"column":5}},"type":"if","locations":[{"start":{"line":85,"column":4},"end":{"line":103,"column":5}},{"start":{"line":85,"column":4},"end":{"line":103,"column":5}}],"line":85},"12":{"loc":{"start":{"line":87,"column":19},"end":{"line":87,"column":50}},"type":"binary-expr","locations":[{"start":{"line":87,"column":19},"end":{"line":87,"column":28}},{"start":{"line":87,"column":32},"end":{"line":87,"column":50}}],"line":87},"13":{"loc":{"start":{"line":88,"column":6},"end":{"line":90,"column":7}},"type":"if","locations":[{"start":{"line":88,"column":6},"end":{"line":90,"column":7}},{"start":{"line":88,"column":6},"end":{"line":90,"column":7}}],"line":88},"14":{"loc":{"start":{"line":88,"column":10},"end":{"line":88,"column":31}},"type":"binary-expr","locations":[{"start":{"line":88,"column":10},"end":{"line":88,"column":15}},{"start":{"line":88,"column":19},"end":{"line":88,"column":31}}],"line":88},"15":{"loc":{"start":{"line":92,"column":18},"end":{"line":92,"column":79}},"type":"binary-expr","locations":[{"start":{"line":92,"column":19},"end":{"line":92,"column":39}},{"start":{"line":92,"column":43},"end":{"line":92,"column":73}},{"start":{"line":92,"column":78},"end":{"line":92,"column":79}}],"line":92},"16":{"loc":{"start":{"line":96,"column":8},"end":{"line":101,"column":9}},"type":"if","locations":[{"start":{"line":96,"column":8},"end":{"line":101,"column":9}},{"start":{"line":96,"column":8},"end":{"line":101,"column":9}}],"line":96},"17":{"loc":{"start":{"line":96,"column":12},"end":{"line":96,"column":62}},"type":"binary-expr","locations":[{"start":{"line":96,"column":12},"end":{"line":96,"column":15}},{"start":{"line":96,"column":19},"end":{"line":96,"column":62}}],"line":96},"18":{"loc":{"start":{"line":97,"column":10},"end":{"line":99,"column":11}},"type":"if","locations":[{"start":{"line":97,"column":10},"end":{"line":99,"column":11}},{"start":{"line":97,"column":10},"end":{"line":99,"column":11}}],"line":97},"19":{"loc":{"start":{"line":107,"column":27},"end":{"line":107,"column":39}},"type":"default-arg","locations":[{"start":{"line":107,"column":32},"end":{"line":107,"column":39}}],"line":107},"20":{"loc":{"start":{"line":109,"column":4},"end":{"line":117,"column":5}},"type":"if","locations":[{"start":{"line":109,"column":4},"end":{"line":117,"column":5}},{"start":{"line":109,"column":4},"end":{"line":117,"column":5}}],"line":109},"21":{"loc":{"start":{"line":112,"column":6},"end":{"line":116,"column":7}},"type":"if","locations":[{"start":{"line":112,"column":6},"end":{"line":116,"column":7}},{"start":{"line":112,"column":6},"end":{"line":116,"column":7}}],"line":112},"22":{"loc":{"start":{"line":112,"column":10},"end":{"line":112,"column":51}},"type":"binary-expr","locations":[{"start":{"line":112,"column":10},"end":{"line":112,"column":26}},{"start":{"line":112,"column":30},"end":{"line":112,"column":35}},{"start":{"line":112,"column":39},"end":{"line":112,"column":51}}],"line":112},"23":{"loc":{"start":{"line":124,"column":6},"end":{"line":126,"column":7}},"type":"if","locations":[{"start":{"line":124,"column":6},"end":{"line":126,"column":7}},{"start":{"line":124,"column":6},"end":{"line":126,"column":7}}],"line":124},"24":{"loc":{"start":{"line":132,"column":4},"end":{"line":135,"column":5}},"type":"if","locations":[{"start":{"line":132,"column":4},"end":{"line":135,"column":5}},{"start":{"line":132,"column":4},"end":{"line":135,"column":5}}],"line":132},"25":{"loc":{"start":{"line":140,"column":4},"end":{"line":143,"column":5}},"type":"if","locations":[{"start":{"line":140,"column":4},"end":{"line":143,"column":5}},{"start":{"line":140,"column":4},"end":{"line":143,"column":5}}],"line":140},"26":{"loc":{"start":{"line":146,"column":29},"end":{"line":146,"column":40}},"type":"default-arg","locations":[{"start":{"line":146,"column":38},"end":{"line":146,"column":40}}],"line":146},"27":{"loc":{"start":{"line":147,"column":4},"end":{"line":158,"column":5}},"type":"if","locations":[{"start":{"line":147,"column":4},"end":{"line":158,"column":5}},{"start":{"line":147,"column":4},"end":{"line":158,"column":5}}],"line":147},"28":{"loc":{"start":{"line":147,"column":8},"end":{"line":147,"column":37}},"type":"binary-expr","locations":[{"start":{"line":147,"column":8},"end":{"line":147,"column":13}},{"start":{"line":147,"column":17},"end":{"line":147,"column":37}}],"line":147},"29":{"loc":{"start":{"line":149,"column":8},"end":{"line":156,"column":9}},"type":"if","locations":[{"start":{"line":149,"column":8},"end":{"line":156,"column":9}},{"start":{"line":149,"column":8},"end":{"line":156,"column":9}}],"line":149},"30":{"loc":{"start":{"line":149,"column":12},"end":{"line":149,"column":31}},"type":"binary-expr","locations":[{"start":{"line":149,"column":12},"end":{"line":149,"column":16}},{"start":{"line":149,"column":20},"end":{"line":149,"column":31}}],"line":149},"31":{"loc":{"start":{"line":150,"column":22},"end":{"line":150,"column":138}},"type":"cond-expr","locations":[{"start":{"line":150,"column":84},"end":{"line":150,"column":120}},{"start":{"line":150,"column":123},"end":{"line":150,"column":138}}],"line":150},"32":{"loc":{"start":{"line":150,"column":22},"end":{"line":150,"column":81}},"type":"binary-expr","locations":[{"start":{"line":150,"column":22},"end":{"line":150,"column":42}},{"start":{"line":150,"column":46},"end":{"line":150,"column":81}}],"line":150},"33":{"loc":{"start":{"line":151,"column":23},"end":{"line":151,"column":62}},"type":"cond-expr","locations":[{"start":{"line":151,"column":35},"end":{"line":151,"column":55}},{"start":{"line":151,"column":59},"end":{"line":151,"column":62}}],"line":151},"34":{"loc":{"start":{"line":152,"column":10},"end":{"line":154,"column":11}},"type":"if","locations":[{"start":{"line":152,"column":10},"end":{"line":154,"column":11}},{"start":{"line":152,"column":10},"end":{"line":154,"column":11}}],"line":152},"35":{"loc":{"start":{"line":167,"column":19},"end":{"line":167,"column":69}},"type":"cond-expr","locations":[{"start":{"line":167,"column":31},"end":{"line":167,"column":55}},{"start":{"line":167,"column":58},"end":{"line":167,"column":69}}],"line":167},"36":{"loc":{"start":{"line":169,"column":16},"end":{"line":169,"column":91}},"type":"cond-expr","locations":[{"start":{"line":169,"column":42},"end":{"line":169,"column":65}},{"start":{"line":169,"column":68},"end":{"line":169,"column":91}}],"line":169},"37":{"loc":{"start":{"line":170,"column":16},"end":{"line":170,"column":62}},"type":"cond-expr","locations":[{"start":{"line":170,"column":35},"end":{"line":170,"column":56}},{"start":{"line":170,"column":60},"end":{"line":170,"column":62}}],"line":170},"38":{"loc":{"start":{"line":171,"column":20},"end":{"line":171,"column":88}},"type":"cond-expr","locations":[{"start":{"line":171,"column":36},"end":{"line":171,"column":69}},{"start":{"line":171,"column":72},"end":{"line":171,"column":88}}],"line":171},"39":{"loc":{"start":{"line":172,"column":18},"end":{"line":172,"column":52}},"type":"cond-expr","locations":[{"start":{"line":172,"column":34},"end":{"line":172,"column":47}},{"start":{"line":172,"column":50},"end":{"line":172,"column":52}}],"line":172}},"s":{"0":7,"1":7,"2":4,"3":4,"4":4,"5":0,"6":4,"7":4,"8":4,"9":0,"10":0,"11":0,"12":0,"13":0,"14":0,"15":0,"16":0,"17":0,"18":0,"19":0,"20":0,"21":0,"22":0,"23":4,"24":4,"25":4,"26":4,"27":4,"28":4,"29":4,"30":1,"31":1,"32":1,"33":1,"34":1,"35":1,"36":1,"37":1,"38":0,"39":1,"40":1,"41":1,"42":1,"43":3,"44":3,"45":1,"46":1,"47":1,"48":1,"49":10,"50":10,"51":10,"52":10,"53":9,"54":1,"55":10,"56":1,"57":1,"58":4,"59":4,"60":4,"61":4,"62":4,"63":4,"64":0,"65":4,"66":1,"67":1,"68":16,"69":15,"70":60,"71":60,"72":60,"73":60,"74":6,"75":60,"76":1,"77":16,"78":16,"79":16,"80":16,"81":16,"82":16,"83":16,"84":16,"85":16,"86":16,"87":16,"88":1,"89":1},"f":{"0":7,"1":4,"2":0,"3":0,"4":0,"5":4,"6":1,"7":10,"8":1,"9":4,"10":4,"11":16,"12":60,"13":16,"14":0},"b":{"0":[4,0],"1":[0,0],"2":[0,0],"3":[0,0],"4":[0,0],"5":[0,0],"6":[0,0],"7":[4,0],"8":[4,4],"9":[4,4,4],"10":[4,0],"11":[1,0],"12":[1,1],"13":[0,1],"14":[1,1],"15":[1,1,1],"16":[1,2],"17":[3,3],"18":[1,0],"19":[1],"20":[10,0],"21":[9,1],"22":[10,9,9],"23":[4,0],"24":[4,0],"25":[1,3],"26":[0],"27":[15,1],"28":[16,15],"29":[60,0],"30":[60,60],"31":[15,45],"32":[60,54],"33":[8,52],"34":[6,54],"35":[4,12],"36":[15,1],"37":[3,13],"38":[1,15],"39":[15,1]},"_coverageSchema":"332fd63041d2c1bcb487cc26dd0d5f7d97098a6c","hash":"60ac52e4fdf3b00e5b63d3197aa7c5e95d46306d"}
}
