{"E:\\Project\\my-project\\react-component\\rcAnchor\\src\\rcAnchor\\Anchor.css": {"path":"E:\\Project\\my-project\\react-component\\rcAnchor\\src\\rcAnchor\\Anchor.css","statementMap":{"0":{"start":{"line":1,"column":0},"end":{"line":1,"column":20}}},"fnMap":{},"branchMap":{},"s":{"0":1},"f":{},"b":{},"_coverageSchema":"332fd63041d2c1bcb487cc26dd0d5f7d97098a6c","hash":"7c177bb01473664133cbfe83273a0a6c2d23ae18"}
,"E:\\Project\\my-project\\react-component\\rcAnchor\\src\\rcAnchor\\Anchor.jsx": {"path":"E:\\Project\\my-project\\react-component\\rcAnchor\\src\\rcAnchor\\Anchor.jsx","statementMap":{"0":{"start":{"line":13,"column":4},"end":{"line":13,"column":16}},"1":{"start":{"line":14,"column":4},"end":{"line":19,"column":5}},"2":{"start":{"line":23,"column":4},"end":{"line":23,"column":24}},"3":{"start":{"line":24,"column":17},"end":{"line":24,"column":63}},"4":{"start":{"line":25,"column":23},"end":{"line":27,"column":5}},"5":{"start":{"line":26,"column":6},"end":{"line":26,"column":26}},"6":{"start":{"line":28,"column":4},"end":{"line":31,"column":5}},"7":{"start":{"line":29,"column":6},"end":{"line":29,"column":49}},"8":{"start":{"line":30,"column":6},"end":{"line":30,"column":35}},"9":{"start":{"line":35,"column":4},"end":{"line":39,"column":5}},"10":{"start":{"line":36,"column":18},"end":{"line":36,"column":37}},"11":{"start":{"line":37,"column":6},"end":{"line":37,"column":38}},"12":{"start":{"line":38,"column":6},"end":{"line":38,"column":39}},"13":{"start":{"line":43,"column":22},"end":{"line":43,"column":68}},"14":{"start":{"line":44,"column":4},"end":{"line":46,"column":5}},"15":{"start":{"line":45,"column":6},"end":{"line":45,"column":63}},"16":{"start":{"line":50,"column":19},"end":{"line":50,"column":27}},"17":{"start":{"line":54,"column":4},"end":{"line":71,"column":5}},"18":{"start":{"line":55,"column":6},"end":{"line":55,"column":41}},"19":{"start":{"line":57,"column":23},"end":{"line":57,"column":48}},"20":{"start":{"line":58,"column":6},"end":{"line":70,"column":7}},"21":{"start":{"line":59,"column":8},"end":{"line":69,"column":9}},"22":{"start":{"line":60,"column":22},"end":{"line":60,"column":33}},"23":{"start":{"line":63,"column":24},"end":{"line":63,"column":105}},"24":{"start":{"line":65,"column":10},"end":{"line":68,"column":11}},"25":{"start":{"line":66,"column":12},"end":{"line":66,"column":55}},"26":{"start":{"line":67,"column":12},"end":{"line":67,"column":17}},"27":{"start":{"line":73,"column":4},"end":{"line":78,"column":5}},"28":{"start":{"line":74,"column":6},"end":{"line":77,"column":8}},"29":{"start":{"line":82,"column":30},"end":{"line":82,"column":40}},"30":{"start":{"line":83,"column":14},"end":{"line":83,"column":25}},"31":{"start":{"line":84,"column":4},"end":{"line":94,"column":5}},"32":{"start":{"line":85,"column":24},"end":{"line":85,"column":50}},"33":{"start":{"line":86,"column":21},"end":{"line":86,"column":69}},"34":{"start":{"line":87,"column":30},"end":{"line":87,"column":72}},"35":{"start":{"line":88,"column":27},"end":{"line":88,"column":63}},"36":{"start":{"line":89,"column":30},"end":{"line":89,"column":63}},"37":{"start":{"line":91,"column":27},"end":{"line":91,"column":79}},"38":{"start":{"line":92,"column":6},"end":{"line":92,"column":68}},"39":{"start":{"line":93,"column":6},"end":{"line":93,"column":41}},"40":{"start":{"line":95,"column":4},"end":{"line":95,"column":14}},"41":{"start":{"line":99,"column":4},"end":{"line":105,"column":5}},"42":{"start":{"line":100,"column":18},"end":{"line":100,"column":37}},"43":{"start":{"line":101,"column":6},"end":{"line":104,"column":8}},"44":{"start":{"line":109,"column":4},"end":{"line":109,"column":22}},"45":{"start":{"line":110,"column":19},"end":{"line":110,"column":27}},"46":{"start":{"line":112,"column":4},"end":{"line":112,"column":28}},"47":{"start":{"line":113,"column":19},"end":{"line":113,"column":54}},"48":{"start":{"line":114,"column":4},"end":{"line":136,"column":5}},"49":{"start":{"line":115,"column":24},"end":{"line":115,"column":70}},"50":{"start":{"line":116,"column":19},"end":{"line":116,"column":50}},"51":{"start":{"line":117,"column":6},"end":{"line":119,"column":7}},"52":{"start":{"line":118,"column":8},"end":{"line":118,"column":21}},"53":{"start":{"line":120,"column":27},"end":{"line":120,"column":31}},"54":{"start":{"line":120,"column":45},"end":{"line":120,"column":49}},"55":{"start":{"line":121,"column":6},"end":{"line":121,"column":79}},"56":{"start":{"line":122,"column":6},"end":{"line":131,"column":7}},"57":{"start":{"line":123,"column":8},"end":{"line":123,"column":21}},"58":{"start":{"line":125,"column":8},"end":{"line":130,"column":9}},"59":{"start":{"line":126,"column":10},"end":{"line":128,"column":11}},"60":{"start":{"line":127,"column":12},"end":{"line":127,"column":59}},"61":{"start":{"line":129,"column":10},"end":{"line":129,"column":15}},"62":{"start":{"line":132,"column":6},"end":{"line":135,"column":8}},"63":{"start":{"line":137,"column":4},"end":{"line":137,"column":30}},"64":{"start":{"line":142,"column":4},"end":{"line":150,"column":5}},"65":{"start":{"line":143,"column":23},"end":{"line":143,"column":49}},"66":{"start":{"line":144,"column":20},"end":{"line":144,"column":62}},"67":{"start":{"line":145,"column":6},"end":{"line":149,"column":7}},"68":{"start":{"line":146,"column":8},"end":{"line":146,"column":22}},"69":{"start":{"line":148,"column":8},"end":{"line":148,"column":19}},"70":{"start":{"line":151,"column":4},"end":{"line":151,"column":14}},"71":{"start":{"line":155,"column":18},"end":{"line":155,"column":53}},"72":{"start":{"line":156,"column":4},"end":{"line":160,"column":5}},"73":{"start":{"line":157,"column":6},"end":{"line":159,"column":7}},"74":{"start":{"line":158,"column":8},"end":{"line":158,"column":62}},"75":{"start":{"line":164,"column":25},"end":{"line":164,"column":38}},"76":{"start":{"line":165,"column":4},"end":{"line":168,"column":5}},"77":{"start":{"line":166,"column":16},"end":{"line":166,"column":55}},"78":{"start":{"line":167,"column":6},"end":{"line":167,"column":36}},"79":{"start":{"line":169,"column":4},"end":{"line":169,"column":16}},"80":{"start":{"line":173,"column":4},"end":{"line":176,"column":5}},"81":{"start":{"line":174,"column":16},"end":{"line":174,"column":55}},"82":{"start":{"line":175,"column":6},"end":{"line":175,"column":52}},"83":{"start":{"line":180,"column":4},"end":{"line":191,"column":5}},"84":{"start":{"line":181,"column":6},"end":{"line":190,"column":8}},"85":{"start":{"line":182,"column":8},"end":{"line":189,"column":9}},"86":{"start":{"line":183,"column":22},"end":{"line":183,"column":137}},"87":{"start":{"line":184,"column":23},"end":{"line":184,"column":62}},"88":{"start":{"line":185,"column":10},"end":{"line":187,"column":11}},"89":{"start":{"line":186,"column":12},"end":{"line":186,"column":45}},"90":{"start":{"line":188,"column":10},"end":{"line":188,"column":141}},"91":{"start":{"line":192,"column":4},"end":{"line":192,"column":15}},"92":{"start":{"line":197,"column":22},"end":{"line":197,"column":42}},"93":{"start":{"line":198,"column":30},"end":{"line":198,"column":40}},"94":{"start":{"line":199,"column":89},"end":{"line":199,"column":99}},"95":{"start":{"line":200,"column":19},"end":{"line":200,"column":69}},"96":{"start":{"line":201,"column":18},"end":{"line":201,"column":36}},"97":{"start":{"line":202,"column":4},"end":{"line":202,"column":92}},"98":{"start":{"line":203,"column":4},"end":{"line":203,"column":63}},"99":{"start":{"line":204,"column":20},"end":{"line":204,"column":88}},"100":{"start":{"line":206,"column":4},"end":{"line":215,"column":5}},"101":{"start":{"line":219,"column":0},"end":{"line":228,"column":1}},"102":{"start":{"line":230,"column":0},"end":{"line":238,"column":1}}},"fnMap":{"0":{"name":"(anonymous_0)","decl":{"start":{"line":12,"column":2},"end":{"line":12,"column":3}},"loc":{"start":{"line":12,"column":21},"end":{"line":20,"column":3}},"line":12},"1":{"name":"(anonymous_1)","decl":{"start":{"line":22,"column":2},"end":{"line":22,"column":3}},"loc":{"start":{"line":22,"column":22},"end":{"line":32,"column":3}},"line":22},"2":{"name":"(anonymous_2)","decl":{"start":{"line":25,"column":23},"end":{"line":25,"column":24}},"loc":{"start":{"line":25,"column":30},"end":{"line":27,"column":5}},"line":25},"3":{"name":"(anonymous_3)","decl":{"start":{"line":34,"column":2},"end":{"line":34,"column":3}},"loc":{"start":{"line":34,"column":23},"end":{"line":40,"column":3}},"line":34},"4":{"name":"(anonymous_4)","decl":{"start":{"line":42,"column":2},"end":{"line":42,"column":3}},"loc":{"start":{"line":42,"column":25},"end":{"line":47,"column":3}},"line":42},"5":{"name":"(anonymous_5)","decl":{"start":{"line":49,"column":2},"end":{"line":49,"column":3}},"loc":{"start":{"line":49,"column":18},"end":{"line":79,"column":3}},"line":49},"6":{"name":"(anonymous_6)","decl":{"start":{"line":81,"column":2},"end":{"line":81,"column":3}},"loc":{"start":{"line":81,"column":17},"end":{"line":96,"column":3}},"line":81},"7":{"name":"(anonymous_7)","decl":{"start":{"line":98,"column":2},"end":{"line":98,"column":3}},"loc":{"start":{"line":98,"column":18},"end":{"line":106,"column":3}},"line":98},"8":{"name":"(anonymous_8)","decl":{"start":{"line":108,"column":2},"end":{"line":108,"column":3}},"loc":{"start":{"line":108,"column":19},"end":{"line":138,"column":3}},"line":108},"9":{"name":"(anonymous_9)","decl":{"start":{"line":140,"column":2},"end":{"line":140,"column":3}},"loc":{"start":{"line":140,"column":41},"end":{"line":152,"column":3}},"line":140},"10":{"name":"(anonymous_10)","decl":{"start":{"line":154,"column":2},"end":{"line":154,"column":3}},"loc":{"start":{"line":154,"column":23},"end":{"line":161,"column":3}},"line":154},"11":{"name":"(anonymous_11)","decl":{"start":{"line":163,"column":2},"end":{"line":163,"column":3}},"loc":{"start":{"line":163,"column":26},"end":{"line":170,"column":3}},"line":163},"12":{"name":"(anonymous_12)","decl":{"start":{"line":172,"column":2},"end":{"line":172,"column":3}},"loc":{"start":{"line":172,"column":29},"end":{"line":177,"column":3}},"line":172},"13":{"name":"(anonymous_13)","decl":{"start":{"line":179,"column":2},"end":{"line":179,"column":3}},"loc":{"start":{"line":179,"column":42},"end":{"line":193,"column":3}},"line":179},"14":{"name":"(anonymous_14)","decl":{"start":{"line":181,"column":23},"end":{"line":181,"column":24}},"loc":{"start":{"line":181,"column":33},"end":{"line":190,"column":7}},"line":181},"15":{"name":"(anonymous_15)","decl":{"start":{"line":195,"column":2},"end":{"line":195,"column":3}},"loc":{"start":{"line":195,"column":11},"end":{"line":216,"column":3}},"line":195},"16":{"name":"(anonymous_16)","decl":{"start":{"line":236,"column":11},"end":{"line":236,"column":12}},"loc":{"start":{"line":236,"column":17},"end":{"line":236,"column":19}},"line":236}},"branchMap":{"0":{"loc":{"start":{"line":28,"column":4},"end":{"line":31,"column":5}},"type":"if","locations":[{"start":{"line":28,"column":4},"end":{"line":31,"column":5}},{"start":{"line":28,"column":4},"end":{"line":31,"column":5}}],"line":28},"1":{"loc":{"start":{"line":35,"column":4},"end":{"line":39,"column":5}},"type":"if","locations":[{"start":{"line":35,"column":4},"end":{"line":39,"column":5}},{"start":{"line":35,"column":4},"end":{"line":39,"column":5}}],"line":35},"2":{"loc":{"start":{"line":44,"column":4},"end":{"line":46,"column":5}},"type":"if","locations":[{"start":{"line":44,"column":4},"end":{"line":46,"column":5}},{"start":{"line":44,"column":4},"end":{"line":46,"column":5}}],"line":44},"3":{"loc":{"start":{"line":54,"column":4},"end":{"line":71,"column":5}},"type":"if","locations":[{"start":{"line":54,"column":4},"end":{"line":71,"column":5}},{"start":{"line":54,"column":4},"end":{"line":71,"column":5}}],"line":54},"4":{"loc":{"start":{"line":57,"column":23},"end":{"line":57,"column":48}},"type":"binary-expr","locations":[{"start":{"line":57,"column":23},"end":{"line":57,"column":29}},{"start":{"line":57,"column":33},"end":{"line":57,"column":48}}],"line":57},"5":{"loc":{"start":{"line":58,"column":6},"end":{"line":70,"column":7}},"type":"if","locations":[{"start":{"line":58,"column":6},"end":{"line":70,"column":7}},{"start":{"line":58,"column":6},"end":{"line":70,"column":7}}],"line":58},"6":{"loc":{"start":{"line":58,"column":10},"end":{"line":58,"column":37}},"type":"binary-expr","locations":[{"start":{"line":58,"column":10},"end":{"line":58,"column":18}},{"start":{"line":58,"column":22},"end":{"line":58,"column":37}}],"line":58},"7":{"loc":{"start":{"line":65,"column":10},"end":{"line":68,"column":11}},"type":"if","locations":[{"start":{"line":65,"column":10},"end":{"line":68,"column":11}},{"start":{"line":65,"column":10},"end":{"line":68,"column":11}}],"line":65},"8":{"loc":{"start":{"line":73,"column":4},"end":{"line":78,"column":5}},"type":"if","locations":[{"start":{"line":73,"column":4},"end":{"line":78,"column":5}},{"start":{"line":73,"column":4},"end":{"line":78,"column":5}}],"line":73},"9":{"loc":{"start":{"line":84,"column":4},"end":{"line":94,"column":5}},"type":"if","locations":[{"start":{"line":84,"column":4},"end":{"line":94,"column":5}},{"start":{"line":84,"column":4},"end":{"line":94,"column":5}}],"line":84},"10":{"loc":{"start":{"line":87,"column":30},"end":{"line":87,"column":72}},"type":"binary-expr","locations":[{"start":{"line":87,"column":31},"end":{"line":87,"column":40}},{"start":{"line":87,"column":44},"end":{"line":87,"column":66}},{"start":{"line":87,"column":71},"end":{"line":87,"column":72}}],"line":87},"11":{"loc":{"start":{"line":88,"column":27},"end":{"line":88,"column":63}},"type":"binary-expr","locations":[{"start":{"line":88,"column":28},"end":{"line":88,"column":34}},{"start":{"line":88,"column":38},"end":{"line":88,"column":57}},{"start":{"line":88,"column":62},"end":{"line":88,"column":63}}],"line":88},"12":{"loc":{"start":{"line":89,"column":30},"end":{"line":89,"column":63}},"type":"binary-expr","locations":[{"start":{"line":89,"column":31},"end":{"line":89,"column":37}},{"start":{"line":89,"column":41},"end":{"line":89,"column":57}},{"start":{"line":89,"column":62},"end":{"line":89,"column":63}}],"line":89},"13":{"loc":{"start":{"line":92,"column":22},"end":{"line":92,"column":68}},"type":"binary-expr","locations":[{"start":{"line":92,"column":23},"end":{"line":92,"column":40}},{"start":{"line":92,"column":44},"end":{"line":92,"column":57}},{"start":{"line":92,"column":62},"end":{"line":92,"column":68}}],"line":92},"14":{"loc":{"start":{"line":99,"column":4},"end":{"line":105,"column":5}},"type":"if","locations":[{"start":{"line":99,"column":4},"end":{"line":105,"column":5}},{"start":{"line":99,"column":4},"end":{"line":105,"column":5}}],"line":99},"15":{"loc":{"start":{"line":114,"column":4},"end":{"line":136,"column":5}},"type":"if","locations":[{"start":{"line":114,"column":4},"end":{"line":136,"column":5}},{"start":{"line":114,"column":4},"end":{"line":136,"column":5}}],"line":114},"16":{"loc":{"start":{"line":116,"column":19},"end":{"line":116,"column":50}},"type":"binary-expr","locations":[{"start":{"line":116,"column":19},"end":{"line":116,"column":28}},{"start":{"line":116,"column":32},"end":{"line":116,"column":50}}],"line":116},"17":{"loc":{"start":{"line":117,"column":6},"end":{"line":119,"column":7}},"type":"if","locations":[{"start":{"line":117,"column":6},"end":{"line":119,"column":7}},{"start":{"line":117,"column":6},"end":{"line":119,"column":7}}],"line":117},"18":{"loc":{"start":{"line":117,"column":10},"end":{"line":117,"column":31}},"type":"binary-expr","locations":[{"start":{"line":117,"column":10},"end":{"line":117,"column":15}},{"start":{"line":117,"column":19},"end":{"line":117,"column":31}}],"line":117},"19":{"loc":{"start":{"line":121,"column":18},"end":{"line":121,"column":79}},"type":"binary-expr","locations":[{"start":{"line":121,"column":19},"end":{"line":121,"column":39}},{"start":{"line":121,"column":43},"end":{"line":121,"column":73}},{"start":{"line":121,"column":78},"end":{"line":121,"column":79}}],"line":121},"20":{"loc":{"start":{"line":125,"column":8},"end":{"line":130,"column":9}},"type":"if","locations":[{"start":{"line":125,"column":8},"end":{"line":130,"column":9}},{"start":{"line":125,"column":8},"end":{"line":130,"column":9}}],"line":125},"21":{"loc":{"start":{"line":125,"column":12},"end":{"line":125,"column":62}},"type":"binary-expr","locations":[{"start":{"line":125,"column":12},"end":{"line":125,"column":15}},{"start":{"line":125,"column":19},"end":{"line":125,"column":62}}],"line":125},"22":{"loc":{"start":{"line":126,"column":10},"end":{"line":128,"column":11}},"type":"if","locations":[{"start":{"line":126,"column":10},"end":{"line":128,"column":11}},{"start":{"line":126,"column":10},"end":{"line":128,"column":11}}],"line":126},"23":{"loc":{"start":{"line":140,"column":27},"end":{"line":140,"column":39}},"type":"default-arg","locations":[{"start":{"line":140,"column":32},"end":{"line":140,"column":39}}],"line":140},"24":{"loc":{"start":{"line":142,"column":4},"end":{"line":150,"column":5}},"type":"if","locations":[{"start":{"line":142,"column":4},"end":{"line":150,"column":5}},{"start":{"line":142,"column":4},"end":{"line":150,"column":5}}],"line":142},"25":{"loc":{"start":{"line":145,"column":6},"end":{"line":149,"column":7}},"type":"if","locations":[{"start":{"line":145,"column":6},"end":{"line":149,"column":7}},{"start":{"line":145,"column":6},"end":{"line":149,"column":7}}],"line":145},"26":{"loc":{"start":{"line":145,"column":10},"end":{"line":145,"column":51}},"type":"binary-expr","locations":[{"start":{"line":145,"column":10},"end":{"line":145,"column":26}},{"start":{"line":145,"column":30},"end":{"line":145,"column":35}},{"start":{"line":145,"column":39},"end":{"line":145,"column":51}}],"line":145},"27":{"loc":{"start":{"line":157,"column":6},"end":{"line":159,"column":7}},"type":"if","locations":[{"start":{"line":157,"column":6},"end":{"line":159,"column":7}},{"start":{"line":157,"column":6},"end":{"line":159,"column":7}}],"line":157},"28":{"loc":{"start":{"line":165,"column":4},"end":{"line":168,"column":5}},"type":"if","locations":[{"start":{"line":165,"column":4},"end":{"line":168,"column":5}},{"start":{"line":165,"column":4},"end":{"line":168,"column":5}}],"line":165},"29":{"loc":{"start":{"line":173,"column":4},"end":{"line":176,"column":5}},"type":"if","locations":[{"start":{"line":173,"column":4},"end":{"line":176,"column":5}},{"start":{"line":173,"column":4},"end":{"line":176,"column":5}}],"line":173},"30":{"loc":{"start":{"line":179,"column":29},"end":{"line":179,"column":40}},"type":"default-arg","locations":[{"start":{"line":179,"column":38},"end":{"line":179,"column":40}}],"line":179},"31":{"loc":{"start":{"line":180,"column":4},"end":{"line":191,"column":5}},"type":"if","locations":[{"start":{"line":180,"column":4},"end":{"line":191,"column":5}},{"start":{"line":180,"column":4},"end":{"line":191,"column":5}}],"line":180},"32":{"loc":{"start":{"line":180,"column":8},"end":{"line":180,"column":37}},"type":"binary-expr","locations":[{"start":{"line":180,"column":8},"end":{"line":180,"column":13}},{"start":{"line":180,"column":17},"end":{"line":180,"column":37}}],"line":180},"33":{"loc":{"start":{"line":182,"column":8},"end":{"line":189,"column":9}},"type":"if","locations":[{"start":{"line":182,"column":8},"end":{"line":189,"column":9}},{"start":{"line":182,"column":8},"end":{"line":189,"column":9}}],"line":182},"34":{"loc":{"start":{"line":182,"column":12},"end":{"line":182,"column":31}},"type":"binary-expr","locations":[{"start":{"line":182,"column":12},"end":{"line":182,"column":16}},{"start":{"line":182,"column":20},"end":{"line":182,"column":31}}],"line":182},"35":{"loc":{"start":{"line":183,"column":22},"end":{"line":183,"column":137}},"type":"cond-expr","locations":[{"start":{"line":183,"column":83},"end":{"line":183,"column":119}},{"start":{"line":183,"column":122},"end":{"line":183,"column":137}}],"line":183},"36":{"loc":{"start":{"line":183,"column":22},"end":{"line":183,"column":80}},"type":"binary-expr","locations":[{"start":{"line":183,"column":22},"end":{"line":183,"column":42}},{"start":{"line":183,"column":46},"end":{"line":183,"column":80}}],"line":183},"37":{"loc":{"start":{"line":184,"column":23},"end":{"line":184,"column":62}},"type":"cond-expr","locations":[{"start":{"line":184,"column":35},"end":{"line":184,"column":55}},{"start":{"line":184,"column":59},"end":{"line":184,"column":62}}],"line":184},"38":{"loc":{"start":{"line":185,"column":10},"end":{"line":187,"column":11}},"type":"if","locations":[{"start":{"line":185,"column":10},"end":{"line":187,"column":11}},{"start":{"line":185,"column":10},"end":{"line":187,"column":11}}],"line":185},"39":{"loc":{"start":{"line":200,"column":19},"end":{"line":200,"column":69}},"type":"cond-expr","locations":[{"start":{"line":200,"column":31},"end":{"line":200,"column":55}},{"start":{"line":200,"column":58},"end":{"line":200,"column":69}}],"line":200},"40":{"loc":{"start":{"line":202,"column":16},"end":{"line":202,"column":91}},"type":"cond-expr","locations":[{"start":{"line":202,"column":42},"end":{"line":202,"column":65}},{"start":{"line":202,"column":68},"end":{"line":202,"column":91}}],"line":202},"41":{"loc":{"start":{"line":203,"column":16},"end":{"line":203,"column":62}},"type":"cond-expr","locations":[{"start":{"line":203,"column":35},"end":{"line":203,"column":56}},{"start":{"line":203,"column":60},"end":{"line":203,"column":62}}],"line":203},"42":{"loc":{"start":{"line":204,"column":20},"end":{"line":204,"column":88}},"type":"cond-expr","locations":[{"start":{"line":204,"column":36},"end":{"line":204,"column":69}},{"start":{"line":204,"column":72},"end":{"line":204,"column":88}}],"line":204}},"s":{"0":6,"1":6,"2":5,"3":5,"4":5,"5":0,"6":5,"7":5,"8":5,"9":12,"10":1,"11":1,"12":1,"13":0,"14":0,"15":0,"16":0,"17":0,"18":0,"19":0,"20":0,"21":0,"22":0,"23":0,"24":0,"25":0,"26":0,"27":0,"28":0,"29":6,"30":6,"31":6,"32":6,"33":6,"34":6,"35":6,"36":6,"37":6,"38":6,"39":6,"40":6,"41":5,"42":5,"43":5,"44":1,"45":1,"46":1,"47":1,"48":1,"49":1,"50":1,"51":1,"52":0,"53":1,"54":1,"55":1,"56":1,"57":3,"58":3,"59":1,"60":1,"61":1,"62":1,"63":1,"64":13,"65":13,"66":13,"67":13,"68":12,"69":1,"70":13,"71":1,"72":1,"73":4,"74":4,"75":4,"76":4,"77":4,"78":4,"79":0,"80":4,"81":1,"82":1,"83":18,"84":17,"85":68,"86":68,"87":68,"88":68,"89":5,"90":68,"91":1,"92":18,"93":18,"94":18,"95":18,"96":18,"97":18,"98":18,"99":18,"100":18,"101":1,"102":1},"f":{"0":6,"1":5,"2":0,"3":12,"4":0,"5":0,"6":6,"7":5,"8":1,"9":13,"10":1,"11":4,"12":4,"13":18,"14":68,"15":18,"16":0},"b":{"0":[5,0],"1":[1,11],"2":[0,0],"3":[0,0],"4":[0,0],"5":[0,0],"6":[0,0],"7":[0,0],"8":[0,0],"9":[6,0],"10":[6,6,6],"11":[6,6,6],"12":[6,6,6],"13":[6,0,6],"14":[5,0],"15":[1,0],"16":[1,1],"17":[0,1],"18":[1,1],"19":[1,1,1],"20":[1,2],"21":[3,3],"22":[1,0],"23":[1],"24":[13,0],"25":[12,1],"26":[13,12,12],"27":[4,0],"28":[4,0],"29":[1,3],"30":[0],"31":[17,1],"32":[18,17],"33":[68,0],"34":[68,68],"35":[17,51],"36":[68,63],"37":[8,60],"38":[5,63],"39":[4,14],"40":[17,1],"41":[3,15],"42":[1,17]},"_coverageSchema":"332fd63041d2c1bcb487cc26dd0d5f7d97098a6c","hash":"452bf8ffab6afd5487724a67718dc03370f99c8b"}
}
