TN:
SF:E:\Project\my-project\react-component\rcAnchor\src\rcAnchor\Anchor.css
FNF:0
FNH:0
DA:1,1
LF:1
LH:1
BRF:0
BRH:0
end_of_record
TN:
SF:E:\Project\my-project\react-component\rcAnchor\src\rcAnchor\Anchor.jsx
FN:12,(anonymous_0)
FN:21,(anonymous_1)
FN:24,(anonymous_2)
FN:33,(anonymous_3)
FN:40,(anonymous_4)
FN:65,(anonymous_5)
FN:79,(anonymous_6)
FN:107,(anonymous_7)
FN:121,(anonymous_8)
FN:130,(anonymous_9)
FN:139,(anonymous_10)
FN:146,(anonymous_11)
FN:148,(anonymous_12)
FN:162,(anonymous_13)
FN:203,(anonymous_14)
FNF:15
FNH:11
FNDA:7,(anonymous_0)
FNDA:4,(anonymous_1)
FNDA:0,(anonymous_2)
FNDA:0,(anonymous_3)
FNDA:0,(anonymous_4)
FNDA:4,(anonymous_5)
FNDA:1,(anonymous_6)
FNDA:10,(anonymous_7)
FNDA:1,(anonymous_8)
FNDA:4,(anonymous_9)
FNDA:4,(anonymous_10)
FNDA:16,(anonymous_11)
FNDA:60,(anonymous_12)
FNDA:16,(anonymous_13)
FNDA:0,(anonymous_14)
DA:13,7
DA:14,7
DA:22,4
DA:23,4
DA:24,4
DA:25,0
DA:27,4
DA:28,4
DA:29,4
DA:34,0
DA:35,0
DA:36,0
DA:41,0
DA:45,0
DA:46,0
DA:47,0
DA:48,0
DA:51,0
DA:52,0
DA:53,0
DA:54,0
DA:58,0
DA:59,0
DA:66,4
DA:67,4
DA:68,4
DA:69,4
DA:70,4
DA:71,4
DA:72,4
DA:80,1
DA:81,1
DA:83,1
DA:84,1
DA:85,1
DA:86,1
DA:87,1
DA:88,1
DA:89,0
DA:91,1
DA:92,1
DA:93,1
DA:94,3
DA:96,3
DA:97,1
DA:98,1
DA:100,1
DA:104,1
DA:109,10
DA:110,10
DA:111,10
DA:112,10
DA:113,9
DA:115,1
DA:118,10
DA:122,1
DA:123,1
DA:124,4
DA:125,4
DA:131,4
DA:132,4
DA:133,4
DA:134,4
DA:136,0
DA:140,4
DA:141,1
DA:142,1
DA:147,16
DA:148,15
DA:149,60
DA:150,60
DA:151,60
DA:152,60
DA:153,6
DA:155,60
DA:159,1
DA:163,16
DA:164,16
DA:165,16
DA:166,16
DA:167,16
DA:168,16
DA:169,16
DA:170,16
DA:171,16
DA:172,16
DA:173,16
DA:186,1
DA:197,1
LF:89
LH:72
BRDA:27,0,0,4
BRDA:27,0,1,0
BRDA:35,1,0,0
BRDA:35,1,1,0
BRDA:45,2,0,0
BRDA:45,2,1,0
BRDA:46,3,0,0
BRDA:46,3,1,0
BRDA:46,4,0,0
BRDA:46,4,1,0
BRDA:52,5,0,0
BRDA:52,5,1,0
BRDA:58,6,0,0
BRDA:58,6,1,0
BRDA:68,7,0,4
BRDA:68,7,1,0
BRDA:68,8,0,4
BRDA:68,8,1,4
BRDA:70,9,0,4
BRDA:70,9,1,4
BRDA:70,9,2,4
BRDA:71,10,0,4
BRDA:71,10,1,0
BRDA:85,11,0,1
BRDA:85,11,1,0
BRDA:87,12,0,1
BRDA:87,12,1,1
BRDA:88,13,0,0
BRDA:88,13,1,1
BRDA:88,14,0,1
BRDA:88,14,1,1
BRDA:92,15,0,1
BRDA:92,15,1,1
BRDA:92,15,2,1
BRDA:96,16,0,1
BRDA:96,16,1,2
BRDA:96,17,0,3
BRDA:96,17,1,3
BRDA:97,18,0,1
BRDA:97,18,1,0
BRDA:107,19,0,1
BRDA:109,20,0,10
BRDA:109,20,1,0
BRDA:112,21,0,9
BRDA:112,21,1,1
BRDA:112,22,0,10
BRDA:112,22,1,9
BRDA:112,22,2,9
BRDA:124,23,0,4
BRDA:124,23,1,0
BRDA:132,24,0,4
BRDA:132,24,1,0
BRDA:140,25,0,1
BRDA:140,25,1,3
BRDA:146,26,0,0
BRDA:147,27,0,15
BRDA:147,27,1,1
BRDA:147,28,0,16
BRDA:147,28,1,15
BRDA:149,29,0,60
BRDA:149,29,1,0
BRDA:149,30,0,60
BRDA:149,30,1,60
BRDA:150,31,0,15
BRDA:150,31,1,45
BRDA:150,32,0,60
BRDA:150,32,1,54
BRDA:151,33,0,8
BRDA:151,33,1,52
BRDA:152,34,0,6
BRDA:152,34,1,54
BRDA:167,35,0,4
BRDA:167,35,1,12
BRDA:169,36,0,15
BRDA:169,36,1,1
BRDA:170,37,0,3
BRDA:170,37,1,13
BRDA:171,38,0,1
BRDA:171,38,1,15
BRDA:172,39,0,15
BRDA:172,39,1,1
BRF:81
BRH:58
end_of_record
