TN:
SF:E:\Project\my-project\react-component\rcAnchor\src\rcAnchor\Anchor.css
FNF:0
FNH:0
DA:1,1
LF:1
LH:1
BRF:0
BRH:0
end_of_record
TN:
SF:E:\Project\my-project\react-component\rcAnchor\src\rcAnchor\Anchor.jsx
FN:12,(anonymous_0)
FN:22,(anonymous_1)
FN:25,(anonymous_2)
FN:34,(anonymous_3)
FN:42,(anonymous_4)
FN:49,(anonymous_5)
FN:81,(anonymous_6)
FN:98,(anonymous_7)
FN:108,(anonymous_8)
FN:140,(anonymous_9)
FN:154,(anonymous_10)
FN:163,(anonymous_11)
FN:172,(anonymous_12)
FN:179,(anonymous_13)
FN:181,(anonymous_14)
FN:195,(anonymous_15)
FN:236,(anonymous_16)
FNF:17
FNH:13
FNDA:6,(anonymous_0)
FNDA:5,(anonymous_1)
FNDA:0,(anonymous_2)
FNDA:12,(anonymous_3)
FNDA:0,(anonymous_4)
FNDA:0,(anonymous_5)
FNDA:6,(anonymous_6)
FNDA:5,(anonymous_7)
FNDA:1,(anonymous_8)
FNDA:13,(anonymous_9)
FNDA:1,(anonymous_10)
FNDA:4,(anonymous_11)
FNDA:4,(anonymous_12)
FNDA:18,(anonymous_13)
FNDA:68,(anonymous_14)
FNDA:18,(anonymous_15)
FNDA:0,(anonymous_16)
DA:13,6
DA:14,6
DA:23,5
DA:24,5
DA:25,5
DA:26,0
DA:28,5
DA:29,5
DA:30,5
DA:35,12
DA:36,1
DA:37,1
DA:38,1
DA:43,0
DA:44,0
DA:45,0
DA:50,0
DA:54,0
DA:55,0
DA:57,0
DA:58,0
DA:59,0
DA:60,0
DA:63,0
DA:65,0
DA:66,0
DA:67,0
DA:73,0
DA:74,0
DA:82,6
DA:83,6
DA:84,6
DA:85,6
DA:86,6
DA:87,6
DA:88,6
DA:89,6
DA:91,6
DA:92,6
DA:93,6
DA:95,6
DA:99,5
DA:100,5
DA:101,5
DA:109,1
DA:110,1
DA:112,1
DA:113,1
DA:114,1
DA:115,1
DA:116,1
DA:117,1
DA:118,0
DA:120,1
DA:121,1
DA:122,1
DA:123,3
DA:125,3
DA:126,1
DA:127,1
DA:129,1
DA:132,1
DA:137,1
DA:142,13
DA:143,13
DA:144,13
DA:145,13
DA:146,12
DA:148,1
DA:151,13
DA:155,1
DA:156,1
DA:157,4
DA:158,4
DA:164,4
DA:165,4
DA:166,4
DA:167,4
DA:169,0
DA:173,4
DA:174,1
DA:175,1
DA:180,18
DA:181,17
DA:182,68
DA:183,68
DA:184,68
DA:185,68
DA:186,5
DA:188,68
DA:192,1
DA:197,18
DA:198,18
DA:199,18
DA:200,18
DA:201,18
DA:202,18
DA:203,18
DA:204,18
DA:206,18
DA:219,1
DA:230,1
LF:102
LH:83
BRDA:28,0,0,5
BRDA:28,0,1,0
BRDA:35,1,0,1
BRDA:35,1,1,11
BRDA:44,2,0,0
BRDA:44,2,1,0
BRDA:54,3,0,0
BRDA:54,3,1,0
BRDA:57,4,0,0
BRDA:57,4,1,0
BRDA:58,5,0,0
BRDA:58,5,1,0
BRDA:58,6,0,0
BRDA:58,6,1,0
BRDA:65,7,0,0
BRDA:65,7,1,0
BRDA:73,8,0,0
BRDA:73,8,1,0
BRDA:84,9,0,6
BRDA:84,9,1,0
BRDA:87,10,0,6
BRDA:87,10,1,6
BRDA:87,10,2,6
BRDA:88,11,0,6
BRDA:88,11,1,6
BRDA:88,11,2,6
BRDA:89,12,0,6
BRDA:89,12,1,6
BRDA:89,12,2,6
BRDA:92,13,0,6
BRDA:92,13,1,0
BRDA:92,13,2,6
BRDA:99,14,0,5
BRDA:99,14,1,0
BRDA:114,15,0,1
BRDA:114,15,1,0
BRDA:116,16,0,1
BRDA:116,16,1,1
BRDA:117,17,0,0
BRDA:117,17,1,1
BRDA:117,18,0,1
BRDA:117,18,1,1
BRDA:121,19,0,1
BRDA:121,19,1,1
BRDA:121,19,2,1
BRDA:125,20,0,1
BRDA:125,20,1,2
BRDA:125,21,0,3
BRDA:125,21,1,3
BRDA:126,22,0,1
BRDA:126,22,1,0
BRDA:140,23,0,1
BRDA:142,24,0,13
BRDA:142,24,1,0
BRDA:145,25,0,12
BRDA:145,25,1,1
BRDA:145,26,0,13
BRDA:145,26,1,12
BRDA:145,26,2,12
BRDA:157,27,0,4
BRDA:157,27,1,0
BRDA:165,28,0,4
BRDA:165,28,1,0
BRDA:173,29,0,1
BRDA:173,29,1,3
BRDA:179,30,0,0
BRDA:180,31,0,17
BRDA:180,31,1,1
BRDA:180,32,0,18
BRDA:180,32,1,17
BRDA:182,33,0,68
BRDA:182,33,1,0
BRDA:182,34,0,68
BRDA:182,34,1,68
BRDA:183,35,0,17
BRDA:183,35,1,51
BRDA:183,36,0,68
BRDA:183,36,1,63
BRDA:184,37,0,8
BRDA:184,37,1,60
BRDA:185,38,0,5
BRDA:185,38,1,63
BRDA:200,39,0,4
BRDA:200,39,1,14
BRDA:202,40,0,17
BRDA:202,40,1,1
BRDA:203,41,0,3
BRDA:203,41,1,15
BRDA:204,42,0,1
BRDA:204,42,1,17
BRF:90
BRH:64
end_of_record
